inserting50
50(B)
inserting25
25(R)
inserting14
14(R)
inserting9
9(R)
inserting5
5(R)
inserting2
2(R)
inserting11
11(R)
inserting19
19(R)
inserting17
17(R)
inserting31
31(R)
inserting28
28(R)
inserting35
35(R)
inserting30
30(R)
inserting80
80(R)
inserting55
55(R)
inserting52
52(R)
inserting68
68(R)
inserting65
65(R)
inserting79
79(R)
inserting90
90(R)
Level Order:
14(B)
9(B)
31(R)
5(B)
11(B)
25(B)
55(B)
2(R)
19(B)
28(B)
50(R)
68(R)
17(R)
30(R)
35(B)
52(B)
65(B)
80(B)
79(R)
90(R)
Inorder: 
2(R)
5(B)
9(B)
11(B)
14(B)
17(R)
19(B)
25(B)
28(B)
30(R)
31(R)
35(B)
50(R)
52(B)
55(B)
65(B)
68(R)
79(R)
80(B)
90(R)
deleting 55(B)
Level Order:
14(B)
9(B)
31(R)
5(B)
11(B)
25(B)
65(B)
2(R)
19(B)
28(B)
50(R)
80(R)
17(R)
30(R)
35(B)
52(B)
68(B)
90(B)
79(R)
